File path results//IPM.Reolow3/IPM.Reolow3.viablecells.tab contains double '/'. This is likely unintended. It can also lead to inconsistent results of the file-matching approach used by Snakemake.
File path results//IPM.Reolow3/IPM.Reolow3_gene_exon_tagged.flagstat contains double '/'. This is likely unintended. It can also lead to inconsistent results of the file-matching approach used by Snakemake.
File path results//IPM.Reolow3/summary/IPM.Reolow3_expression_matrix.txt contains double '/'. This is likely unintended. It can also lead to inconsistent results of the file-matching approach used by Snakemake.
File path results//IPM.Reolow3/IPM.Reolow3.viablecells.tab contains double '/'. This is likely unintended. It can also lead to inconsistent results of the file-matching approach used by Snakemake.
File path results//IPM.Reolow3/IPM.Reolow3_gene_exon_tagged.bam contains double '/'. This is likely unintended. It can also lead to inconsistent results of the file-matching approach used by Snakemake.
File path results//IPM.Reolow3/IPM.Reolow3_gene_exon_tagged.flagstat contains double '/'. This is likely unintended. It can also lead to inconsistent results of the file-matching approach used by Snakemake.
File path results//IPM.Reolow3/summary/IPM.Reolow3_expression_matrix.txt.gz contains double '/'. This is likely unintended. It can also lead to inconsistent results of the file-matching approach used by Snakemake.
File path results//IPM.Reolow3/summary/IPM.Reolow3_expression_matrix.txt contains double '/'. This is likely unintended. It can also lead to inconsistent results of the file-matching approach used by Snakemake.
File path results//IPM.Reolow3/IPM.Reolow3_final.bam contains double '/'. This is likely unintended. It can also lead to inconsistent results of the file-matching approach used by Snakemake.
File path results//IPM.Reolow3/summary/IPM.Reolow3_expression_matrix.txt.gz contains double '/'. This is likely unintended. It can also lead to inconsistent results of the file-matching approach used by Snakemake.
File path results//IPM.Reolow3/IPM.Reolow3_gene_exon_tagged.bam contains double '/'. This is likely unintended. It can also lead to inconsistent results of the file-matching approach used by Snakemake.
File path results//IPM.Reolow3/IPM.Reolow3_final.bam contains double '/'. This is likely unintended. It can also lead to inconsistent results of the file-matching approach used by Snakemake.
File path results//IPM.Reolow3/IPM.Reolow3_tagged_unmapped.bam contains double '/'. This is likely unintended. It can also lead to inconsistent results of the file-matching approach used by Snakemake.
File path results//IPM.Reolow3/IPM.Reolow3_Aligned_sorted.sam contains double '/'. This is likely unintended. It can also lead to inconsistent results of the file-matching approach used by Snakemake.
File path results//IPM.Reolow3/IPM.Reolow3_gene_exon_tagged.bam contains double '/'. This is likely unintended. It can also lead to inconsistent results of the file-matching approach used by Snakemake.
File path results//IPM.Reolow3/IPM.Reolow3_Aligned.sam contains double '/'. This is likely unintended. It can also lead to inconsistent results of the file-matching approach used by Snakemake.
File path results//IPM.Reolow3/IPM.Reolow3_Aligned_sorted.sam contains double '/'. This is likely unintended. It can also lead to inconsistent results of the file-matching approach used by Snakemake.
File path results//IPM.Reolow3/IPM.Reolow3_unaligned.bam contains double '/'. This is likely unintended. It can also lead to inconsistent results of the file-matching approach used by Snakemake.
File path results//IPM.Reolow3/IPM.Reolow3_tagged_unmapped.bam contains double '/'. This is likely unintended. It can also lead to inconsistent results of the file-matching approach used by Snakemake.
File path results//IPM.Reolow3/logs/IPM.Reolow3_STAR_Aligned.out.sam contains double '/'. This is likely unintended. It can also lead to inconsistent results of the file-matching approach used by Snakemake.
File path results//IPM.Reolow3/logs/IPM.Reolow3_STAR_Unmapped.out.mate1 contains double '/'. This is likely unintended. It can also lead to inconsistent results of the file-matching approach used by Snakemake.
File path results//IPM.Reolow3/IPM.Reolow3_Aligned.sam contains double '/'. This is likely unintended. It can also lead to inconsistent results of the file-matching approach used by Snakemake.
File path results//IPM.Reolow3/IPM.Reolow3_STAR_host_unaligned.fastq contains double '/'. This is likely unintended. It can also lead to inconsistent results of the file-matching approach used by Snakemake.
File path results//IPM.Reolow3/IPM.Reolow3_tagged_unmapped.fastq contains double '/'. This is likely unintended. It can also lead to inconsistent results of the file-matching approach used by Snakemake.
File path results//IPM.Reolow3/logs/IPM.Reolow3_STAR_Aligned.out.sam contains double '/'. This is likely unintended. It can also lead to inconsistent results of the file-matching approach used by Snakemake.
File path results//IPM.Reolow3/logs/IPM.Reolow3_STAR_Unmapped.out.mate1 contains double '/'. This is likely unintended. It can also lead to inconsistent results of the file-matching approach used by Snakemake.
File path results//IPM.Reolow3/IPM.Reolow3_tagged_unmapped.bam contains double '/'. This is likely unintended. It can also lead to inconsistent results of the file-matching approach used by Snakemake.
File path results//IPM.Reolow3/IPM.Reolow3_tagged_unmapped.fastq contains double '/'. This is likely unintended. It can also lead to inconsistent results of the file-matching approach used by Snakemake.
File path results//IPM.Reolow3/IPM.Reolow3_unaligned.bam contains double '/'. This is likely unintended. It can also lead to inconsistent results of the file-matching approach used by Snakemake.
Provided cores: 32
Rules claiming more threads will be scaled down.
Job counts:
	count	jobs
	1	all
	1	bead_errors_metrics
	1	extract_expression
	1	gunzip
	1	host_align_stats
	1	hostpathstats
	1	mv_files
	1	sort
	1	stage3
	9

rule mv_files:
    input: results//IPM.Reolow3/logs/IPM.Reolow3_STAR_Aligned.out.sam, results//IPM.Reolow3/logs/IPM.Reolow3_STAR_Unmapped.out.mate1
    output: results//IPM.Reolow3/IPM.Reolow3_Aligned.sam, results//IPM.Reolow3/IPM.Reolow3_STAR_host_unaligned.fastq
    jobid: 9
    wildcards: path=results//IPM.Reolow3, sample=IPM.Reolow3

Finished job 9.
1 of 9 steps (11%) done

rule sort:
    input: results//IPM.Reolow3/IPM.Reolow3_Aligned.sam
    output: results//IPM.Reolow3/IPM.Reolow3_Aligned_sorted.sam
    jobid: 6
    wildcards: path=results//IPM.Reolow3, sample=IPM.Reolow3

Finished job 6.
2 of 9 steps (22%) done

rule stage3:
    input: results//IPM.Reolow3/IPM.Reolow3_tagged_unmapped.bam, results//IPM.Reolow3/IPM.Reolow3_Aligned_sorted.sam
    output: results//IPM.Reolow3/IPM.Reolow3_gene_exon_tagged.bam
    jobid: 4
    wildcards: path=results//IPM.Reolow3, sample=IPM.Reolow3
    threads: 2

Terminating processes on user request.
Error in rule stage3:
    jobid: 4
    output: results//IPM.Reolow3/IPM.Reolow3_gene_exon_tagged.bam

RuleException:
CalledProcessError in line 183 of /local/workdir/psb84/DART-seq/ViralInfections/Snakefile:
Command ' set -euo pipefail;  
				java -Djava.io.tmpdir=/workdir/psb84/scViral/temp -Xmx4000m -jar /programs/picard-tools-2.1.1/picard.jar MergeBamAlignment				REFERENCE_SEQUENCE=references/mm10/mm10.fasta				UNMAPPED_BAM=results//IPM.Reolow3/IPM.Reolow3_tagged_unmapped.bam				ALIGNED_BAM=results//IPM.Reolow3/IPM.Reolow3_Aligned_sorted.sam				INCLUDE_SECONDARY_ALIGNMENTS=false				PAIRED_RUN=false				OUTPUT=/dev/stdout COMPRESSION_LEVEL=0|								bin/Drop-seq_tools-1.12//TagReadWithGeneExon				O=results//IPM.Reolow3/IPM.Reolow3_gene_exon_tagged.bam				I=/dev/stdin				ANNOTATIONS_FILE=references/mm10/mm10.refFlat				TAG=GE				CREATE_INDEX=true ' returned non-zero exit status 130.
  File "/local/workdir/psb84/DART-seq/ViralInfections/Snakefile", line 183, in __rule_stage3
  File "/usr/local/lib/python3.6/concurrent/futures/thread.py", line 55, in run
Removing output files of failed job stage3 since they might be corrupted:
results//IPM.Reolow3/IPM.Reolow3_gene_exon_tagged.bam
Complete log: .snakemake/log/2018-04-25T155733.708932.snakemake.log
