File path results//IPM.Reolow3/IPM.Reolow3_expression_matrix.txt contains double '/'. This is likely unintended. It can also lead to inconsistent results of the file-matching approach used by Snakemake.
File path results//IPM.Reolow3/IPM.Reolow3_expression_matrix.txt.gz contains double '/'. This is likely unintended. It can also lead to inconsistent results of the file-matching approach used by Snakemake.
File path results//IPM.Reolow3/IPM.Reolow3_expression_matrix.txt contains double '/'. This is likely unintended. It can also lead to inconsistent results of the file-matching approach used by Snakemake.
File path results//IPM.Reolow3/IPM.Reolow3_final.bam contains double '/'. This is likely unintended. It can also lead to inconsistent results of the file-matching approach used by Snakemake.
File path results//IPM.Reolow3/IPM.Reolow3_expression_matrix.txt.gz contains double '/'. This is likely unintended. It can also lead to inconsistent results of the file-matching approach used by Snakemake.
File path results//IPM.Reolow3/IPM.Reolow3_dge.summary.txt contains double '/'. This is likely unintended. It can also lead to inconsistent results of the file-matching approach used by Snakemake.
File path results//IPM.Reolow3/IPM.Reolow3_gene_exon_tagged.bam contains double '/'. This is likely unintended. It can also lead to inconsistent results of the file-matching approach used by Snakemake.
File path results//IPM.Reolow3/IPM.Reolow3_final.bam contains double '/'. This is likely unintended. It can also lead to inconsistent results of the file-matching approach used by Snakemake.
File path results//IPM.Reolow3/IPM.Reolow3_tagged_unmapped.bam contains double '/'. This is likely unintended. It can also lead to inconsistent results of the file-matching approach used by Snakemake.
File path results//IPM.Reolow3/IPM.Reolow3_Aligned_sorted.sam contains double '/'. This is likely unintended. It can also lead to inconsistent results of the file-matching approach used by Snakemake.
File path results//IPM.Reolow3/IPM.Reolow3_gene_exon_tagged.bam contains double '/'. This is likely unintended. It can also lead to inconsistent results of the file-matching approach used by Snakemake.
File path results//IPM.Reolow3/IPM.Reolow3_Aligned.sam contains double '/'. This is likely unintended. It can also lead to inconsistent results of the file-matching approach used by Snakemake.
File path results//IPM.Reolow3/IPM.Reolow3_Aligned_sorted.sam contains double '/'. This is likely unintended. It can also lead to inconsistent results of the file-matching approach used by Snakemake.
File path results//IPM.Reolow3/IPM.Reolow3_unaligned.bam contains double '/'. This is likely unintended. It can also lead to inconsistent results of the file-matching approach used by Snakemake.
File path results//IPM.Reolow3/IPM.Reolow3_tagged_unmapped.bam contains double '/'. This is likely unintended. It can also lead to inconsistent results of the file-matching approach used by Snakemake.
File path results//IPM.Reolow3/logs/IPM.Reolow3_STAR_Aligned.out.sam contains double '/'. This is likely unintended. It can also lead to inconsistent results of the file-matching approach used by Snakemake.
File path results//IPM.Reolow3/logs/IPM.Reolow3_STAR_Unmapped.out.mate1 contains double '/'. This is likely unintended. It can also lead to inconsistent results of the file-matching approach used by Snakemake.
File path results//IPM.Reolow3/IPM.Reolow3_Aligned.sam contains double '/'. This is likely unintended. It can also lead to inconsistent results of the file-matching approach used by Snakemake.
File path results//IPM.Reolow3/IPM.Reolow3_STAR_host_unaligned.fastq contains double '/'. This is likely unintended. It can also lead to inconsistent results of the file-matching approach used by Snakemake.
File path results//IPM.Reolow3/IPM.Reolow3_tagged_unmapped.fastq contains double '/'. This is likely unintended. It can also lead to inconsistent results of the file-matching approach used by Snakemake.
File path results//IPM.Reolow3/logs/IPM.Reolow3_STAR_Aligned.out.sam contains double '/'. This is likely unintended. It can also lead to inconsistent results of the file-matching approach used by Snakemake.
File path results//IPM.Reolow3/logs/IPM.Reolow3_STAR_Unmapped.out.mate1 contains double '/'. This is likely unintended. It can also lead to inconsistent results of the file-matching approach used by Snakemake.
File path results//IPM.Reolow3/IPM.Reolow3_tagged_unmapped.bam contains double '/'. This is likely unintended. It can also lead to inconsistent results of the file-matching approach used by Snakemake.
File path results//IPM.Reolow3/IPM.Reolow3_tagged_unmapped.fastq contains double '/'. This is likely unintended. It can also lead to inconsistent results of the file-matching approach used by Snakemake.
File path results//IPM.Reolow3/IPM.Reolow3_unaligned.bam contains double '/'. This is likely unintended. It can also lead to inconsistent results of the file-matching approach used by Snakemake.
Provided cores: 1
Rules claiming more threads will be scaled down.
Job counts:
	count	jobs
	1	all
	1	extract_expression
	1	gunzip
	3

rule extract_expression:
    input: results//IPM.Reolow3/IPM.Reolow3_final.bam
    output: results//IPM.Reolow3/IPM.Reolow3_expression_matrix.txt.gz, results//IPM.Reolow3/IPM.Reolow3_dge.summary.txt
    jobid: 2
    wildcards: path=results//IPM.Reolow3, sample=IPM.Reolow3

Finished job 2.
1 of 3 steps (33%) done

rule gunzip:
    input: results//IPM.Reolow3/IPM.Reolow3_expression_matrix.txt.gz
    output: results//IPM.Reolow3/IPM.Reolow3_expression_matrix.txt
    jobid: 1
    wildcards: path=results//IPM.Reolow3, sample=IPM.Reolow3

Finished job 1.
2 of 3 steps (67%) done

localrule all:
    input: results//IPM.Reolow3/IPM.Reolow3_expression_matrix.txt
    jobid: 0

Finished job 0.
3 of 3 steps (100%) done
